<?xml version="1.0" encoding="UTF-8"?>
<testsuite xmlns:xsi="http://www.w3.org/2001/XMLSchema-instance" xsi:noNamespaceSchemaLocation="https://maven.apache.org/surefire/maven-surefire-plugin/xsd/surefire-test-report-3.0.xsd" version="3.0" name="app.Creator.CreatorApplicationTests" time="7.761" tests="1" errors="0" skipped="0" failures="0">
  <properties>
[...]
</properties>
  <testcase name="contextLoads" classname="app.Creator.CreatorApplicationTests" time="0.805">
    <system-out><![CDATA[10:15:42.062 [main] INFO org.springframework.test.context.support.AnnotationConfigContextLoaderUtils -- Could not detect default configuration classes for test class [app.Creator.CreatorApplicationTests]: CreatorApplicationTests does not declare any static, non-private, non-final, nested classes annotated with @Configuration.
10:15:42.155 [main] INFO org.springframework.boot.test.context.SpringBootTestContextBootstrapper -- Found @SpringBootConfiguration app.Creator.CreatorApplication for test class app.Creator.CreatorApplicationTests

  .   ____          _            __ _ _
 /\\ / ___'_ __ _ _(_)_ __  __ _ \ \ \ \
( ( )\___ | '_ | '_| | '_ \/ _` | \ \ \ \
 \\/  ___)| |_)| | | | | || (_| |  ) ) ) )
  '  |____| .__|_| |_|_| |_\__, | / / / /
 =========|_|==============|___/=/_/_/_/
 :: Spring Boot ::                (v3.2.4)

2024-04-07T10:15:42.617+03:00  INFO 103972 --- [Creator] [           main] app.Creator.CreatorApplicationTests      : Starting CreatorApplicationTests using Java 17.0.7 with PID 103972 (started by seera in C:\Users\seera\IdeaProjects\Creator\Back)
2024-04-07T10:15:42.618+03:00  INFO 103972 --- [Creator] [           main] app.Creator.CreatorApplicationTests      : No active profile set, falling back to 1 default profile: "default"
2024-04-07T10:15:48.849+03:00  INFO 103972 --- [Creator] [           main] app.Creator.CreatorApplicationTests      : Started CreatorApplicationTests in 6.511 seconds (process running for 7.46)
]]></system-out>
  </testcase>
</testsuite>